2024-09-27 14:51:35,553 [INFO] Activator:177 - 


2024-09-27 14:51:35,555 [INFO] Activator:178 - !SESSION log4j initialized
2024-09-27 14:51:45,264 [INFO] McuFinderGlobals:39 - Set McuFinder mode to 2 (CubeIDE integrated)
2024-09-27 14:51:45,579 [INFO] ApplicationProperties:181 - Using Application install path: C:\ST\STM32CubeIDE_1.7.0\STM32CubeIDE\plugins\com.st.stm32cube.common.mx_6.3.0.202107141111
2024-09-27 14:51:45,591 [INFO] DbMcusXml:74 - Set database path to: C:\ST\STM32CubeIDE_1.7.0\STM32CubeIDE\plugins\com.st.stm32cube.common.mx_6.3.0.202107141111\\db\/mcu/
2024-09-27 14:51:45,595 [INFO] DbBoardsPdsc:56 - Set plugin database path to: C:\ST\STM32CubeIDE_1.7.0\STM32CubeIDE\plugins\com.st.stm32cube.common.mx_6.3.0.202107141111\\db\/plugins/boardmanager/
2024-09-27 14:51:45,595 [INFO] DbMcus:258 - Set plugin images path to: C:\ST\STM32CubeIDE_1.7.0\STM32CubeIDE\plugins\com.st.stm32cube.common.mx_6.3.0.202107141111\\db\/plugins/mcufinder/images/
2024-09-27 14:51:45,596 [INFO] DbBoards:264 - Set plugin images path to: C:\ST\STM32CubeIDE_1.7.0\STM32CubeIDE\plugins\com.st.stm32cube.common.mx_6.3.0.202107141111\\db\/plugins/mcufinder/images/
2024-09-27 14:51:45,598 [INFO] DbExamples:333 - Set plugin images path to: C:\ST\STM32CubeIDE_1.7.0\STM32CubeIDE\plugins\com.st.stm32cube.common.mx_6.3.0.202107141111\\db\/plugins/mcufinder/images/
2024-09-27 14:51:45,607 [INFO] DbMcusAds:119 - Set database path to: C:\Users\Admin\.stmcufinder\plugins\mcufinder//mcu/
2024-09-27 14:51:45,608 [INFO] DbMcusDocs:110 - Set database path to: C:\Users\Admin\.stmcufinder\plugins\mcufinder//mcu/
2024-09-27 14:51:45,610 [INFO] DbMcusJson:64 - Set database path to: C:\Users\Admin\.stmcufinder\plugins\mcufinder//mcu/
2024-09-27 14:51:45,610 [INFO] DbBoardsDocs:110 - Set database path to: C:\Users\Admin\.stmcufinder\plugins\mcufinder//mcu/
2024-09-27 14:51:45,611 [INFO] DbBoardsJson:57 - Set database path to: C:\Users\Admin\.stmcufinder\plugins\mcufinder//mcu/
2024-09-27 14:51:46,351 [INFO] CrossReferenceDbSqlite:196 - Set database path to: C:\Users\Admin\.stmcufinder\plugins\mcufinder//mcu/cs/
2024-09-27 14:51:46,356 [INFO] DbExamplesSqlite:767 - Set database path to: C:\Users\Admin\.stmcufinder\plugins\mcufinder//mcu/
2024-09-27 14:51:46,453 [INFO] RulesReader:57 - Compatibility file has been processed (242 Rules)
2024-09-27 14:51:46,530 [INFO] DbMcusXml:74 - Set database path to: C:\ST\STM32CubeIDE_1.7.0\STM32CubeIDE\plugins\com.st.stm32cube.common.mx_6.3.0.202107141111\\db\/mcu/
2024-09-27 14:51:46,531 [INFO] DbBoardsPdsc:56 - Set plugin database path to: C:\ST\STM32CubeIDE_1.7.0\STM32CubeIDE\plugins\com.st.stm32cube.common.mx_6.3.0.202107141111\\db\/plugins/boardmanager/
2024-09-27 14:51:46,532 [INFO] DbMcus:258 - Set plugin images path to: C:\ST\STM32CubeIDE_1.7.0\STM32CubeIDE\plugins\com.st.stm32cube.common.mx_6.3.0.202107141111\\db\/plugins/mcufinder/images/
2024-09-27 14:51:46,532 [INFO] DbBoards:264 - Set plugin images path to: C:\ST\STM32CubeIDE_1.7.0\STM32CubeIDE\plugins\com.st.stm32cube.common.mx_6.3.0.202107141111\\db\/plugins/mcufinder/images/
2024-09-27 14:51:46,532 [INFO] DbExamples:333 - Set plugin images path to: C:\ST\STM32CubeIDE_1.7.0\STM32CubeIDE\plugins\com.st.stm32cube.common.mx_6.3.0.202107141111\\db\/plugins/mcufinder/images/
2024-09-27 14:51:46,532 [WARN] DbFile:35 - Overriding database path with different value: C:\Users\Admin\.stmcufinder\plugins\mcufinder/ => C:\Users\Admin\.stmcufinder\plugins\mcufinder
2024-09-27 14:51:46,532 [INFO] DbMcusAds:119 - Set database path to: C:\Users\Admin\.stmcufinder\plugins\mcufinder//mcu/
2024-09-27 14:51:46,532 [WARN] DbFile:35 - Overriding database path with different value: C:\Users\Admin\.stmcufinder\plugins\mcufinder/ => C:\Users\Admin\.stmcufinder\plugins\mcufinder
2024-09-27 14:51:46,532 [INFO] DbMcusDocs:110 - Set database path to: C:\Users\Admin\.stmcufinder\plugins\mcufinder//mcu/
2024-09-27 14:51:46,532 [WARN] DbFile:35 - Overriding database path with different value: C:\Users\Admin\.stmcufinder\plugins\mcufinder/ => C:\Users\Admin\.stmcufinder\plugins\mcufinder
2024-09-27 14:51:46,533 [INFO] DbMcusJson:64 - Set database path to: C:\Users\Admin\.stmcufinder\plugins\mcufinder//mcu/
2024-09-27 14:51:46,533 [WARN] DbFile:35 - Overriding database path with different value: C:\Users\Admin\.stmcufinder\plugins\mcufinder/ => C:\Users\Admin\.stmcufinder\plugins\mcufinder
2024-09-27 14:51:46,533 [INFO] DbBoardsDocs:110 - Set database path to: C:\Users\Admin\.stmcufinder\plugins\mcufinder//mcu/
2024-09-27 14:51:46,533 [WARN] DbFile:35 - Overriding database path with different value: C:\Users\Admin\.stmcufinder\plugins\mcufinder/ => C:\Users\Admin\.stmcufinder\plugins\mcufinder
2024-09-27 14:51:46,533 [INFO] DbBoardsJson:57 - Set database path to: C:\Users\Admin\.stmcufinder\plugins\mcufinder//mcu/
2024-09-27 14:51:46,533 [WARN] DbFile:35 - Overriding database path with different value: C:\Users\Admin\.stmcufinder\plugins\mcufinder/ => C:\Users\Admin\.stmcufinder\plugins\mcufinder
2024-09-27 14:51:46,533 [WARN] DbFile:35 - Overriding database path with different value: C:\Users\Admin\.stmcufinder\plugins\mcufinder/ => C:\Users\Admin\.stmcufinder\plugins\mcufinder
2024-09-27 14:51:47,339 [INFO] CrossReferenceDbSqlite:196 - Set database path to: C:\Users\Admin\.stmcufinder\plugins\mcufinder//mcu/cs/
2024-09-27 14:51:47,340 [WARN] DbFile:35 - Overriding database path with different value: C:\Users\Admin\.stmcufinder\plugins\mcufinder/ => C:\Users\Admin\.stmcufinder\plugins\mcufinder
2024-09-27 14:51:47,340 [INFO] DbExamplesSqlite:767 - Set database path to: C:\Users\Admin\.stmcufinder\plugins\mcufinder//mcu/
2024-09-27 14:51:47,407 [INFO] MainPanel:214 - HeapMemory: 268435456
2024-09-27 14:51:47,491 [INFO] DbMcusXml:74 - Set database path to: C:\ST\STM32CubeIDE_1.7.0\STM32CubeIDE\plugins\com.st.stm32cube.common.mx_6.3.0.202107141111\\db\/mcu/
2024-09-27 14:51:47,491 [INFO] DbBoardsPdsc:56 - Set plugin database path to: C:\ST\STM32CubeIDE_1.7.0\STM32CubeIDE\plugins\com.st.stm32cube.common.mx_6.3.0.202107141111\\db\/plugins/boardmanager/
2024-09-27 14:51:47,491 [INFO] DbMcus:258 - Set plugin images path to: C:\ST\STM32CubeIDE_1.7.0\STM32CubeIDE\plugins\com.st.stm32cube.common.mx_6.3.0.202107141111\\db\/plugins/mcufinder/images/
2024-09-27 14:51:47,491 [INFO] DbBoards:264 - Set plugin images path to: C:\ST\STM32CubeIDE_1.7.0\STM32CubeIDE\plugins\com.st.stm32cube.common.mx_6.3.0.202107141111\\db\/plugins/mcufinder/images/
2024-09-27 14:51:47,491 [INFO] DbExamples:333 - Set plugin images path to: C:\ST\STM32CubeIDE_1.7.0\STM32CubeIDE\plugins\com.st.stm32cube.common.mx_6.3.0.202107141111\\db\/plugins/mcufinder/images/
2024-09-27 14:51:47,492 [WARN] DbFile:35 - Overriding database path with different value: C:\Users\Admin\.stmcufinder\plugins\mcufinder/ => C:\Users\Admin\.stmcufinder\plugins\mcufinder
2024-09-27 14:51:47,492 [INFO] DbMcusAds:119 - Set database path to: C:\Users\Admin\.stmcufinder\plugins\mcufinder//mcu/
2024-09-27 14:51:47,492 [WARN] DbFile:35 - Overriding database path with different value: C:\Users\Admin\.stmcufinder\plugins\mcufinder/ => C:\Users\Admin\.stmcufinder\plugins\mcufinder
2024-09-27 14:51:47,492 [INFO] DbMcusDocs:110 - Set database path to: C:\Users\Admin\.stmcufinder\plugins\mcufinder//mcu/
2024-09-27 14:51:47,492 [WARN] DbFile:35 - Overriding database path with different value: C:\Users\Admin\.stmcufinder\plugins\mcufinder/ => C:\Users\Admin\.stmcufinder\plugins\mcufinder
2024-09-27 14:51:47,492 [INFO] DbMcusJson:64 - Set database path to: C:\Users\Admin\.stmcufinder\plugins\mcufinder//mcu/
2024-09-27 14:51:47,492 [WARN] DbFile:35 - Overriding database path with different value: C:\Users\Admin\.stmcufinder\plugins\mcufinder/ => C:\Users\Admin\.stmcufinder\plugins\mcufinder
2024-09-27 14:51:47,492 [INFO] DbBoardsDocs:110 - Set database path to: C:\Users\Admin\.stmcufinder\plugins\mcufinder//mcu/
2024-09-27 14:51:47,492 [WARN] DbFile:35 - Overriding database path with different value: C:\Users\Admin\.stmcufinder\plugins\mcufinder/ => C:\Users\Admin\.stmcufinder\plugins\mcufinder
2024-09-27 14:51:47,492 [INFO] DbBoardsJson:57 - Set database path to: C:\Users\Admin\.stmcufinder\plugins\mcufinder//mcu/
2024-09-27 14:51:47,493 [WARN] DbFile:35 - Overriding database path with different value: C:\Users\Admin\.stmcufinder\plugins\mcufinder/ => C:\Users\Admin\.stmcufinder\plugins\mcufinder
2024-09-27 14:51:47,493 [WARN] DbFile:35 - Overriding database path with different value: C:\Users\Admin\.stmcufinder\plugins\mcufinder/ => C:\Users\Admin\.stmcufinder\plugins\mcufinder
2024-09-27 14:51:48,341 [INFO] CrossReferenceDbSqlite:196 - Set database path to: C:\Users\Admin\.stmcufinder\plugins\mcufinder//mcu/cs/
2024-09-27 14:51:48,341 [WARN] DbFile:35 - Overriding database path with different value: C:\Users\Admin\.stmcufinder\plugins\mcufinder/ => C:\Users\Admin\.stmcufinder\plugins\mcufinder
2024-09-27 14:51:48,341 [INFO] DbExamplesSqlite:767 - Set database path to: C:\Users\Admin\.stmcufinder\plugins\mcufinder//mcu/
2024-09-27 14:51:48,362 [INFO] ApplicationProperties:181 - Using Application install path: C:\ST\STM32CubeIDE_1.7.0\STM32CubeIDE\plugins\com.st.stm32cube.common.mx_6.3.0.202107141111
2024-09-27 14:51:48,363 [INFO] PluginManage:188 - Search for loadable plugins [exclusion list=, ]
2024-09-27 14:51:48,365 [INFO] PluginManage:302 - Check plugin analytics
2024-09-27 14:51:49,400 [INFO] AnalyticsPlugin:257 - Accepted Software Licenses: 
2024-09-27 14:51:49,400 [INFO] AnalyticsPlugin:259 - Accepted CMSIS Pack Licenses: 
2024-09-27 14:51:49,401 [INFO] AnalyticsPlugin:261 - Accepted Firmware Licenses: 
2024-09-27 14:51:49,401 [INFO] PluginManage:352 - Loaded plugin analytics (category:tool,tabindex:-1)
2024-09-27 14:51:49,401 [INFO] PluginManage:302 - Check plugin clock
2024-09-27 14:51:49,423 [INFO] PluginManage:352 - Loaded plugin clock (category:base,tabindex:2)
2024-09-27 14:51:49,423 [INFO] PluginManage:302 - Check plugin ddr
2024-09-27 14:51:49,426 [INFO] PluginManage:352 - Loaded plugin ddr (category:tool,tabindex:6)
2024-09-27 14:51:49,426 [INFO] PluginManage:302 - Check plugin filemanager
2024-09-27 14:51:49,555 [INFO] PluginManage:352 - Loaded plugin filemanager (category:base,tabindex:10)
2024-09-27 14:51:49,556 [INFO] PluginManage:302 - Check plugin ipmanager
2024-09-27 14:51:49,566 [INFO] PluginManage:352 - Loaded plugin ipmanager (category:base,tabindex:5)
2024-09-27 14:51:49,566 [INFO] PluginManage:302 - Check plugin pinoutandconfiguration
2024-09-27 14:51:49,585 [INFO] PluginManage:352 - Loaded plugin pinoutandconfiguration (category:base,tabindex:1)
2024-09-27 14:51:49,586 [INFO] PluginManage:302 - Check plugin pinoutconfig
2024-09-27 14:51:49,624 [INFO] PluginManage:352 - Loaded plugin pinoutconfig (category:base,tabindex:0)
2024-09-27 14:51:49,624 [INFO] PluginManage:302 - Check plugin power
2024-09-27 14:51:49,647 [INFO] PluginManage:352 - Loaded plugin power (category:power,tabindex:4)
2024-09-27 14:51:49,647 [INFO] PluginManage:302 - Check plugin projectmanager
2024-09-27 14:51:49,666 [INFO] PluginManage:352 - Loaded plugin projectmanager (category:projectmanager,tabindex:3)
2024-09-27 14:51:49,666 [INFO] PluginManage:302 - Check plugin thirdparty
2024-09-27 14:51:49,924 [WARN] IntegrityCheckThread:78 - waiting for thirdparty lock release [integrity check]
2024-09-27 14:51:49,925 [INFO] IntegrityCheckThread:80 - entering critical section [integrity check]
2024-09-27 14:51:49,924 [INFO] PluginManage:352 - Loaded plugin thirdparty (category:base,tabindex:-1)
2024-09-27 14:51:49,925 [INFO] ThirdPartyUpdaterWithRetryManager:66 - Updater plugin not ready yet. [1/15]
2024-09-27 14:51:49,925 [INFO] PluginManage:302 - Check plugin tools
2024-09-27 14:51:49,992 [INFO] PluginManage:352 - Loaded plugin tools (category:base,tabindex:7)
2024-09-27 14:51:49,992 [INFO] PluginManage:302 - Check plugin tutovideos
2024-09-27 14:51:50,210 [INFO] PluginManage:352 - Loaded plugin tutovideos (category:base,tabindex:-1)
2024-09-27 14:51:50,211 [INFO] PluginManage:302 - Check plugin updater
2024-09-27 14:51:50,227 [INFO] PluginManage:352 - Loaded plugin updater (category:base,tabindex:12)
2024-09-27 14:51:50,227 [INFO] PluginManage:275 - PluginManage : Loaded plugins [13]
2024-09-27 14:51:50,409 [INFO] PinOutPanel:1463 - setPackage(No Configuration,No Configuration)
2024-09-27 14:51:50,503 [INFO] IPUIPlugin:74 - create IPUIPlugin
2024-09-27 14:51:50,503 [INFO] PluginManager:213 - loadIPPluginJar : add adc
2024-09-27 14:51:50,551 [INFO] IPUIPlugin:74 - create IPUIPlugin
2024-09-27 14:51:50,552 [INFO] PluginManager:213 - loadIPPluginJar : add aes
2024-09-27 14:51:50,604 [INFO] IPUIPlugin:74 - create IPUIPlugin
2024-09-27 14:51:50,605 [INFO] PluginManager:213 - loadIPPluginJar : add can
2024-09-27 14:51:50,639 [INFO] IPUIPlugin:74 - create IPUIPlugin
2024-09-27 14:51:50,639 [INFO] PluginManager:213 - loadIPPluginJar : add comp
2024-09-27 14:51:50,679 [INFO] IPUIPlugin:74 - create IPUIPlugin
2024-09-27 14:51:50,679 [INFO] PluginManager:213 - loadIPPluginJar : add cryp
2024-09-27 14:51:50,719 [INFO] IPUIPlugin:74 - create IPUIPlugin
2024-09-27 14:51:50,720 [INFO] PluginManager:213 - loadIPPluginJar : add dfsdm
2024-09-27 14:51:50,735 [INFO] IPUIPlugin:74 - create IPUIPlugin
2024-09-27 14:51:50,736 [INFO] PluginManager:213 - loadIPPluginJar : add dma
2024-09-27 14:51:50,792 [INFO] IPUIPlugin:74 - create IPUIPlugin
2024-09-27 14:51:50,792 [INFO] PluginManager:213 - loadIPPluginJar : add dma3
2024-09-27 14:51:50,823 [INFO] IPUIPlugin:74 - create IPUIPlugin
2024-09-27 14:51:50,823 [INFO] PluginManager:213 - loadIPPluginJar : add fatfs
2024-09-27 14:51:50,886 [INFO] IPUIPlugin:74 - create IPUIPlugin
2024-09-27 14:51:50,886 [INFO] PluginManager:213 - loadIPPluginJar : add fmc
2024-09-27 14:51:50,903 [INFO] IPUIPlugin:74 - create IPUIPlugin
2024-09-27 14:51:50,903 [INFO] PluginManager:213 - loadIPPluginJar : add freertos
2024-09-27 14:51:50,936 [INFO] IPUIPlugin:74 - create IPUIPlugin
2024-09-27 14:51:50,937 [INFO] PluginManager:213 - loadIPPluginJar : add genericplugin
2024-09-27 14:51:51,039 [INFO] IPUIPlugin:74 - create IPUIPlugin
2024-09-27 14:51:51,040 [INFO] PluginManager:213 - loadIPPluginJar : add gfxmmu
2024-09-27 14:51:51,190 [INFO] IPUIPlugin:74 - create IPUIPlugin
2024-09-27 14:51:51,191 [INFO] PluginManager:213 - loadIPPluginJar : add gic
2024-09-27 14:51:51,204 [INFO] IPUIPlugin:74 - create IPUIPlugin
2024-09-27 14:51:51,204 [INFO] PluginManager:213 - loadIPPluginJar : add gpio
2024-09-27 14:51:51,296 [INFO] IPUIPlugin:74 - create IPUIPlugin
2024-09-27 14:51:51,296 [INFO] PluginManager:213 - loadIPPluginJar : add gtzc
2024-09-27 14:51:51,337 [INFO] IPUIPlugin:74 - create IPUIPlugin
2024-09-27 14:51:51,338 [INFO] PluginManager:213 - loadIPPluginJar : add hash
2024-09-27 14:51:51,405 [INFO] IPUIPlugin:74 - create IPUIPlugin
2024-09-27 14:51:51,405 [INFO] PluginManager:213 - loadIPPluginJar : add i2c
2024-09-27 14:51:51,457 [INFO] IPUIPlugin:74 - create IPUIPlugin
2024-09-27 14:51:51,457 [INFO] PluginManager:213 - loadIPPluginJar : add i2s
2024-09-27 14:51:51,469 [INFO] IPUIPlugin:74 - create IPUIPlugin
2024-09-27 14:51:51,469 [INFO] PluginManager:213 - loadIPPluginJar : add ipddr
2024-09-27 14:51:51,579 [INFO] IPUIPlugin:74 - create IPUIPlugin
2024-09-27 14:51:51,580 [INFO] PluginManager:213 - loadIPPluginJar : add linkedlist
2024-09-27 14:51:51,627 [INFO] IPUIPlugin:74 - create IPUIPlugin
2024-09-27 14:51:51,627 [INFO] PluginManager:213 - loadIPPluginJar : add lorawan
2024-09-27 14:51:51,675 [INFO] IPUIPlugin:74 - create IPUIPlugin
2024-09-27 14:51:51,676 [INFO] PluginManager:213 - loadIPPluginJar : add ltdc
2024-09-27 14:51:51,689 [INFO] IPUIPlugin:74 - create IPUIPlugin
2024-09-27 14:51:51,689 [INFO] PluginManager:213 - loadIPPluginJar : add mdma
2024-09-27 14:51:51,701 [INFO] IPUIPlugin:74 - create IPUIPlugin
2024-09-27 14:51:51,702 [INFO] PluginManager:213 - loadIPPluginJar : add nvic
2024-09-27 14:51:51,751 [INFO] IPUIPlugin:74 - create IPUIPlugin
2024-09-27 14:51:51,751 [INFO] PluginManager:213 - loadIPPluginJar : add opamp
2024-09-27 14:51:51,827 [INFO] IPUIPlugin:74 - create IPUIPlugin
2024-09-27 14:51:51,827 [INFO] PluginManager:213 - loadIPPluginJar : add openamp
2024-09-27 14:51:51,882 [INFO] IPUIPlugin:74 - create IPUIPlugin
2024-09-27 14:51:51,883 [INFO] PluginManager:213 - loadIPPluginJar : add pdm2pcm
2024-09-27 14:51:51,899 [INFO] IPUIPlugin:74 - create IPUIPlugin
2024-09-27 14:51:51,902 [INFO] PluginManager:213 - loadIPPluginJar : add plateformsettings
2024-09-27 14:51:51,938 [INFO] IPUIPlugin:74 - create IPUIPlugin
2024-09-27 14:51:51,938 [INFO] PluginManager:213 - loadIPPluginJar : add quadspi
2024-09-27 14:51:51,951 [INFO] IPUIPlugin:74 - create IPUIPlugin
2024-09-27 14:51:51,951 [INFO] PluginManager:213 - loadIPPluginJar : add resmgrutility
2024-09-27 14:51:52,016 [INFO] IPUIPlugin:74 - create IPUIPlugin
2024-09-27 14:51:52,016 [INFO] PluginManager:213 - loadIPPluginJar : add sai
2024-09-27 14:51:52,066 [INFO] IPUIPlugin:74 - create IPUIPlugin
2024-09-27 14:51:52,066 [INFO] PluginManager:213 - loadIPPluginJar : add spi
2024-09-27 14:51:52,131 [INFO] IPUIPlugin:74 - create IPUIPlugin
2024-09-27 14:51:52,132 [INFO] PluginManager:213 - loadIPPluginJar : add stm32_wpan
2024-09-27 14:51:52,165 [INFO] IPUIPlugin:74 - create IPUIPlugin
2024-09-27 14:51:52,165 [INFO] PluginManager:213 - loadIPPluginJar : add tim
2024-09-27 14:51:52,239 [INFO] IPUIPlugin:74 - create IPUIPlugin
2024-09-27 14:51:52,239 [INFO] PluginManager:213 - loadIPPluginJar : add touchsensing
2024-09-27 14:51:52,275 [INFO] IPUIPlugin:74 - create IPUIPlugin
2024-09-27 14:51:52,276 [INFO] PluginManager:213 - loadIPPluginJar : add tracer_emb
2024-09-27 14:51:52,313 [INFO] IPUIPlugin:74 - create IPUIPlugin
2024-09-27 14:51:52,313 [INFO] PluginManager:213 - loadIPPluginJar : add ts
2024-09-27 14:51:52,348 [INFO] IPUIPlugin:74 - create IPUIPlugin
2024-09-27 14:51:52,349 [INFO] PluginManager:213 - loadIPPluginJar : add tsc
2024-09-27 14:51:52,382 [INFO] IPUIPlugin:74 - create IPUIPlugin
2024-09-27 14:51:52,382 [INFO] PluginManager:213 - loadIPPluginJar : add ucpd
2024-09-27 14:51:52,450 [INFO] IPUIPlugin:74 - create IPUIPlugin
2024-09-27 14:51:52,451 [INFO] PluginManager:213 - loadIPPluginJar : add usart
2024-09-27 14:51:52,526 [INFO] IPUIPlugin:74 - create IPUIPlugin
2024-09-27 14:51:52,526 [INFO] PluginManager:213 - loadIPPluginJar : add usbx
2024-09-27 14:51:52,813 [FATAL] Updater:294 - Updater called before beeing initialized
2024-09-27 14:51:52,921 [FATAL] Updater:294 - Updater called before beeing initialized
2024-09-27 14:51:52,927 [INFO] DbMcusAds:47 - JSON generation date=Fri Sep 20 20:04:23 ICT 2024 (1726837463113)
2024-09-27 14:51:52,927 [FATAL] Updater:294 - Updater called before beeing initialized
2024-09-27 14:51:52,934 [INFO] ThirdPartyUpdaterWithRetryManager:66 - Updater plugin not ready yet. [2/15]
2024-09-27 14:51:52,967 [WARN] DetailPanel:314 - Failed to get advertising image, set to default
2024-09-27 14:51:53,059 [FATAL] Updater:294 - Updater called before beeing initialized
2024-09-27 14:51:53,062 [FATAL] Updater:294 - Updater called before beeing initialized
2024-09-27 14:51:53,062 [FATAL] Updater:294 - Updater called before beeing initialized
2024-09-27 14:51:53,063 [WARN] DetailPanel:314 - Failed to get advertising image, set to default
2024-09-27 14:51:53,064 [FATAL] Updater:294 - Updater called before beeing initialized
2024-09-27 14:51:53,120 [ERROR] Updater:1075 - MainUpdater not yet initialized. External WinMGr cannot be set.
2024-09-27 14:51:53,131 [INFO] Updater:1012 - Updater Version found : 6.3.0
2024-09-27 14:51:53,153 [INFO] ApplicationProperties:181 - Using Application install path: C:\ST\STM32CubeIDE_1.7.0\STM32CubeIDE\plugins\com.st.stm32cube.common.mx_6.3.0.202107141111
2024-09-27 14:51:53,344 [INFO] MainUpdater:2671 - connection check result : 10
2024-09-27 14:51:53,345 [INFO] MainUpdater:265 - Updater Check For Update Now.
2024-09-27 14:51:53,345 [INFO] MicroXplorer:478 - Change Database Version : DB.6.0.30
2024-09-27 14:51:53,524 [INFO] CheckServerUpdateThread:112 - End of CheckServer Thread
2024-09-27 14:51:53,601 [INFO] MainUpdater:2671 - connection check result : 10
2024-09-27 14:51:54,040 [INFO] McuFinderGlobals:52 - Set McuFinderConnectedMode to false
2024-09-27 14:51:54,136 [INFO] CrossSelectorPresenter:1330 - Cross Selector saved comparison directory: C:\Users\Admin\.stmcufinder\plugins\mcufinder\mcu\cs_comparisons_mx
2024-09-27 14:51:54,142 [INFO] MultiScanPanel:197 - Auto-refresh data requested => check proxy status ongoing
2024-09-27 14:51:54,142 [INFO] MultiScanPanel:201 - Proxy status is invalid
2024-09-27 14:51:54,146 [INFO] FinderPluginLoader:87 - Searching for filters in installed packs
2024-09-27 14:51:54,147 [INFO] DbMcusXml:100 - Load MCU database from C:\ST\STM32CubeIDE_1.7.0\STM32CubeIDE\plugins\com.st.stm32cube.common.mx_6.3.0.202107141111\\db\/mcu/families.xml
2024-09-27 14:51:54,926 [INFO] DbMcusJson:93 - JSON generation date=Tue Nov 16 23:17:54 ICT 2021 (1637079474)
2024-09-27 14:51:55,504 [INFO] DbMcus:175 - Found 1951 MCUs (1903 are supported by CubeMX, 1914 are visible in CubeMX)
2024-09-27 14:51:55,505 [INFO] ApiDb:251 - Load user favorites file C:\Users\Admin/.stm32cubeide/favorites.mcus.txt: 0 item(s)
2024-09-27 14:51:55,505 [INFO] ApiDb:255 - User favorites MCUs=[]
2024-09-27 14:51:55,505 [INFO] DbMcus:187 - Set 0 / 0 favorites MCUs
2024-09-27 14:51:56,037 [INFO] DetailPanel:309 - Set advertising image to C:/Users/Admin/STM32Cube/Repository/\en.prom-stm32c071-usb-memories-mcu-finder.png
2024-09-27 14:51:56,101 [ERROR] Engine:463 - C:\Users\Admin\.stm32cubemx\thirdparties\pdsc\STMicroelectronics.FP-SNS-MOTENVWB1.1.4.0.pdsc: PDSC version is not supported
2024-09-27 14:51:56,120 [ERROR] Engine:463 - C:\Users\Admin\.stm32cubemx\thirdparties\pdsc\STMicroelectronics.X-CUBE-SMBUS.2.1.0.pdsc: PDSC version is not supported
2024-09-27 14:51:56,191 [WARN] PackLoader:238 - Cannot read IP mode file for STMicroelectronics.X-CUBE-AZRTOS-F7.1.1.0
2024-09-27 14:51:56,270 [WARN] PackLoader:238 - Cannot read IP mode file for STMicroelectronics.X-CUBE-MEMS1.11.0.0
2024-09-27 14:51:56,454 [ERROR] Engine:463 - C:\Users\Admin\.stm32cubemx\thirdparties\pdsc\STMicroelectronics.FP-SNS-FLIGHT1.5.0.2.pdsc: PDSC version is not supported
2024-09-27 14:51:56,466 [ERROR] Engine:463 - C:\Users\Admin\.stm32cubemx\thirdparties\pdsc\STMicroelectronics.X-CUBE-DISPLAY.3.0.0.pdsc: PDSC version is not supported
2024-09-27 14:51:56,482 [WARN] PackLoader:238 - Cannot read IP mode file for STMicroelectronics.X-CUBE-BLE1.7.0.0
2024-09-27 14:51:56,495 [WARN] PackLoader:238 - Cannot read IP mode file for STMicroelectronics.X-CUBE-NFC10.1.0.0
2024-09-27 14:51:56,507 [ERROR] Engine:463 - C:\Users\Admin\.stm32cubemx\thirdparties\pdsc\emotas.I-CUBE-CANOPEN.1.3.0.pdsc: PDSC version is not supported
2024-09-27 14:51:56,517 [ERROR] Engine:463 - C:\Users\Admin\.stm32cubemx\thirdparties\pdsc\STMicroelectronics.X-CUBE-BLEMGR.3.1.0.pdsc: PDSC version is not supported
2024-09-27 14:51:56,527 [ERROR] Engine:463 - C:\Users\Admin\.stm32cubemx\thirdparties\pdsc\STMicroelectronics.FP-SNS-SMARTAG2.1.2.0.pdsc: PDSC version is not supported
2024-09-27 14:51:56,545 [INFO] LogOutputStream:76 - [STDOUT_REDIRECT] 1 : Invalid condition id : UX_CORESTACK_Condition cause : null
2024-09-27 14:51:56,547 [INFO] LogOutputStream:76 - [STDOUT_REDIRECT] 1 : Invalid condition id : UX_CORESTACK_Condition cause : null
2024-09-27 14:51:56,548 [INFO] LogOutputStream:76 - [STDOUT_REDIRECT] 1 : Invalid condition id : UX_CORESTACK_Condition cause : null
2024-09-27 14:51:56,548 [INFO] LogOutputStream:76 - [STDOUT_REDIRECT] 1 : Invalid condition id : UX_CORESTACK_Condition cause : null
2024-09-27 14:51:56,549 [INFO] LogOutputStream:76 - [STDOUT_REDIRECT] 1 : Invalid condition id : UX_CORESTACK_Condition cause : null
2024-09-27 14:51:56,552 [WARN] PackLoader:238 - Cannot read IP mode file for STMicroelectronics.X-CUBE-AZRTOS-WL.2.0.0
2024-09-27 14:51:56,565 [ERROR] Engine:463 - C:\Users\Admin\.stm32cubemx\thirdparties\pdsc\STMicroelectronics.FP-SNS-MOTENV1.5.0.0.pdsc: PDSC version is not supported
2024-09-27 14:51:56,572 [INFO] DbBoardsPdsc:90 - Found 25 items
2024-09-27 14:51:56,575 [WARN] PackLoader:238 - Cannot read IP mode file for wolfSSL.I-CUBE-wolfMQTT.1.19.0
2024-09-27 14:51:56,583 [INFO] DbBoardsPdsc:90 - Found 9 items
2024-09-27 14:51:56,589 [WARN] PackLoader:238 - Cannot read IP mode file for WES.I-CUBE-Cesium.1.3.0
2024-09-27 14:51:56,596 [INFO] DbBoardsPdsc:90 - Found 33 items
2024-09-27 14:51:56,600 [WARN] PackLoader:238 - Cannot read IP mode file for STMicroelectronics.X-CUBE-BLE2.3.3.0
2024-09-27 14:51:56,605 [INFO] DbBoardsPdsc:90 - Found 1 items
2024-09-27 14:51:56,614 [WARN] PackLoader:238 - Cannot read IP mode file for STMicroelectronics.X-CUBE-NFC9.1.0.0
2024-09-27 14:51:56,621 [INFO] DbBoardsPdsc:90 - Found 48 items
2024-09-27 14:51:56,626 [ERROR] Engine:463 - C:\Users\Admin\.stm32cubemx\thirdparties\pdsc\STMicroelectronics.X-CUBE-TCPP.4.1.0.pdsc: PDSC version is not supported
2024-09-27 14:51:56,638 [INFO] DbBoardsPdsc:90 - Found 43 items
2024-09-27 14:51:56,646 [INFO] DbBoardsPdsc:90 - Found 2 items
2024-09-27 14:51:56,652 [WARN] PackLoader:238 - Cannot read IP mode file for STMicroelectronics.X-CUBE-AZRTOS-G0.1.1.0
2024-09-27 14:51:56,656 [INFO] DbBoardsPdsc:90 - Found 5 items
2024-09-27 14:51:56,660 [WARN] DbBoardsPdsc:254 - Board STM32H7B3I-DK: unknown feature type=Audio, name=, username=Audio stereo codec with Headphone Amp (CS42L51-CNZ), n=1
2024-09-27 14:51:56,660 [WARN] DbBoardsPdsc:254 - Board STM32H735G-DK: unknown feature type=Audio, name=, username=Audio stereo codec with Headphone Amp (WM8994ECS/R), n=1
2024-09-27 14:51:56,661 [WARN] DbBoardsPdsc:254 - Board STM32H7B3I-EVAL: unknown feature type=Audio, name=, username=Multi-Channel Audio Codec (CS42L51-CNZ), n=1
2024-09-27 14:51:56,661 [WARN] DbBoardsPdsc:254 - Board STM32H7B3I-EVAL: unknown feature type=Meter, name=, username=Power-metering and Temperature-monitoring with sigma-delta modulators, n=1
2024-09-27 14:51:56,661 [WARN] DbBoardsPdsc:254 - Board STM32H7B3I-EVAL: unknown feature type=Motor, name=, username=Motor Control, n=1
2024-09-27 14:51:56,662 [WARN] DbBoardsPdsc:254 - Board STM32U575I-EV: unknown feature type=joystick, name=, username=4-direction joystick with selection button, n=1
2024-09-27 14:51:56,667 [WARN] PackLoader:238 - Cannot read IP mode file for STMicroelectronics.X-CUBE-SAFEA1.1.2.2
2024-09-27 14:51:56,680 [WARN] PackLoader:238 - Cannot read IP mode file for STMicroelectronics.X-CUBE-NFC4.3.0.0
2024-09-27 14:51:56,695 [ERROR] Engine:463 - C:\Users\Admin\.stm32cubemx\thirdparties\pdsc\EmbeddedOffice.I-CUBE-FS-RTOS.1.0.1.pdsc: PDSC version is not supported
2024-09-27 14:51:56,702 [INFO] DbBoardsJson:86 - JSON generation date=Tue Nov 16 23:17:54 ICT 2021 (1637079474)
2024-09-27 14:51:56,704 [ERROR] Engine:463 - C:\Users\Admin\.stm32cubemx\thirdparties\pdsc\RealThread.X-CUBE-RT-Thread_Nano.4.1.1.pdsc: PDSC version is not supported
2024-09-27 14:51:56,706 [INFO] DbBoards:117 - Found 167 boards (163 are supported by CubeMX)
2024-09-27 14:51:56,716 [WARN] PackLoader:238 - Cannot read IP mode file for STMicroelectronics.FP-ATR-SIGFOX1.3.2.0
2024-09-27 14:51:56,719 [INFO] DbBoardsDocs:143 - JSON generation date=Tue Nov 16 23:17:54 ICT 2021 (1637079474)
2024-09-27 14:51:56,722 [INFO] DbBoardsDocs:79 - Found 209 boards documents
2024-09-27 14:51:56,723 [WARN] DbBoards:127 - board B-L475E-IOT01A2 has no document id list !
2024-09-27 14:51:56,723 [WARN] DbBoards:127 - board NUCLEO-H743ZI has no document id list !
2024-09-27 14:51:56,724 [WARN] DbBoards:127 - board NUCLEO-WL55JC2 has no document id list !
2024-09-27 14:51:56,724 [WARN] DbBoards:127 - board P-NUCLEO-WB55-Nucleo has no document id list !
2024-09-27 14:51:56,724 [WARN] DbBoards:127 - board P-NUCLEO-WB55-USBDongle has no document id list !
2024-09-27 14:51:56,724 [WARN] DbBoards:127 - board STEVAL-BFA001V1B has no document id list !
2024-09-27 14:51:56,724 [WARN] DbBoards:127 - board STEVAL-BFA001V2B has no document id list !
2024-09-27 14:51:56,724 [WARN] DbBoards:127 - board STEVAL-IDP005V1 has no document id list !
2024-09-27 14:51:56,724 [WARN] DbBoards:127 - board STEVAL-IDP005V2 has no document id list !
2024-09-27 14:51:56,724 [WARN] DbBoards:127 - board STEVAL-MKSBOX1V1 has no document id list !
2024-09-27 14:51:56,724 [WARN] DbBoards:127 - board STEVAL-STWINKT1 has no document id list !
2024-09-27 14:51:56,724 [WARN] DbBoards:127 - board STEVAL-STWINKT1B has no document id list !
2024-09-27 14:51:56,724 [WARN] DbBoards:127 - board STM32439I-EVAL2 has no document id list !
2024-09-27 14:51:56,725 [WARN] DbBoards:127 - board STM32F401C-DISCO has no document id list !
2024-09-27 14:51:56,725 [WARN] DbBoards:127 - board STM32F769I-DISC1 has no document id list !
2024-09-27 14:51:56,725 [WARN] DbBoards:127 - board STM32G474E-EVAL1 has no document id list !
2024-09-27 14:51:56,725 [WARN] DbBoards:127 - board STM32H743I-EVAL2 has no document id list !
2024-09-27 14:51:56,725 [WARN] DbBoards:127 - board STM32H747I-DISC1 has no document id list !
2024-09-27 14:51:56,726 [WARN] DbBoards:127 - board STM32H753I-EVAL2 has no document id list !
2024-09-27 14:51:56,726 [WARN] DbBoards:127 - board STM32L-DISCOVERY has no document id list !
2024-09-27 14:51:56,727 [WARN] PackLoader:238 - Cannot read IP mode file for wolfSSL.I-CUBE-wolfSSL.5.7.2
2024-09-27 14:51:56,747 [WARN] PackLoader:238 - Cannot read IP mode file for STMicroelectronics.X-CUBE-EEPRMA1.5.1.0
2024-09-27 14:51:56,763 [ERROR] Engine:463 - C:\Users\Admin\.stm32cubemx\thirdparties\pdsc\ITTIA_DB.I-CUBE-ITTIADB.8.9.0.pdsc: PDSC version is not supported
2024-09-27 14:51:56,826 [WARN] PackLoader:238 - Cannot read IP mode file for SEGGER.I-CUBE-embOS.1.3.1
2024-09-27 14:51:56,893 [WARN] PackLoader:238 - Cannot read IP mode file for STMicroelectronics.X-CUBE-ALGOBUILD.1.4.0
2024-09-27 14:51:56,896 [ERROR] DbBoards:189 - Image file not found for board B-U585I-IOT02A: C:\ST\STM32CubeIDE_1.7.0\STM32CubeIDE\plugins\com.st.stm32cube.common.mx_6.3.0.202107141111\\db\/plugins/mcufinder/images/boards/B-U585I-IOT02A_small.jpg
2024-09-27 14:51:56,907 [WARN] PackLoader:238 - Cannot read IP mode file for STMicroelectronics.X-CUBE-GNSS1.6.0.0
2024-09-27 14:51:56,939 [WARN] PackLoader:238 - Cannot read IP mode file for STMicroelectronics.X-CUBE-AZRTOS-F4.1.1.0
2024-09-27 14:51:56,954 [WARN] PackLoader:238 - Cannot read IP mode file for STMicroelectronics.X-CUBE-ISPU.2.1.0
2024-09-27 14:51:56,964 [ERROR] Engine:463 - C:\Users\Admin\.stm32cubemx\thirdparties\pdsc\STMicroelectronics.X-CUBE-FREERTOS.1.2.0.pdsc: PDSC version is not supported
2024-09-27 14:51:56,997 [WARN] PackLoader:238 - Cannot read IP mode file for STMicroelectronics.X-CUBE-AZRTOS-L5.2.0.0
2024-09-27 14:51:57,001 [ERROR] DbBoards:189 - Image file not found for board NUCLEO-F413ZH: C:\ST\STM32CubeIDE_1.7.0\STM32CubeIDE\plugins\com.st.stm32cube.common.mx_6.3.0.202107141111\\db\/plugins/mcufinder/images/boards/nucleo-f413zh_small.jpg
2024-09-27 14:51:57,015 [WARN] PackLoader:238 - Cannot read IP mode file for STMicroelectronics.X-CUBE-NFC6.3.1.0
2024-09-27 14:51:57,036 [ERROR] Engine:463 - C:\Users\Admin\.stm32cubemx\thirdparties\pdsc\STMicroelectronics.X-CUBE-DPower.1.2.0.pdsc: PDSC version is not supported
2024-09-27 14:51:57,050 [WARN] PackLoader:238 - Cannot read IP mode file for STMicroelectronics.X-CUBE-AI.9.0.0
2024-09-27 14:51:57,064 [WARN] PackLoader:238 - Cannot read IP mode file for STMicroelectronics.X-CUBE-NFC7.1.0.1
2024-09-27 14:51:57,098 [WARN] ConditionMgr:437 - getConditionDescription Invalid condition id : LAN8742 Phy interface Condition cause : null
2024-09-27 14:51:57,098 [WARN] PackLoader:238 - Cannot read IP mode file for STMicroelectronics.X-CUBE-AZRTOS-L4.2.0.0
2024-09-27 14:51:57,100 [WARN] ConditionMgr:1038 - genDependencies : Invalid condition id : LAN8742 Phy interface Condition cause : null
2024-09-27 14:51:57,100 [WARN] ConditionMgr:1038 - genDependencies : Invalid condition id : LAN8742 Phy interface Condition cause : null
2024-09-27 14:51:57,100 [WARN] ConditionMgr:1038 - genDependencies : Invalid condition id : LAN8742 Phy interface Condition cause : null
2024-09-27 14:51:57,115 [WARN] PackLoader:238 - Cannot read IP mode file for STMicroelectronics.X-CUBE-SFXS2LP1.4.0.0
2024-09-27 14:51:57,149 [WARN] PackLoader:238 - Cannot read IP mode file for STMicroelectronics.X-CUBE-AZRTOS-H7.3.3.0
2024-09-27 14:51:57,177 [WARN] ConditionMgr:437 - getConditionDescription Invalid condition id : UX DEVICE CLASS RTOS Condition cause : null
2024-09-27 14:51:57,178 [WARN] ConditionMgr:437 - getConditionDescription Invalid condition id : UX DEVICE CLASS RTOS Condition cause : null
2024-09-27 14:51:57,180 [WARN] PackLoader:238 - Cannot read IP mode file for STMicroelectronics.X-CUBE-AZRTOS-WB.2.0.0
2024-09-27 14:51:57,180 [WARN] ConditionMgr:1038 - genDependencies : Invalid condition id : UX DEVICE CLASS RTOS Condition cause : null
2024-09-27 14:51:57,181 [WARN] ConditionMgr:1038 - genDependencies : Invalid condition id : UX DEVICE CLASS RTOS Condition cause : null
2024-09-27 14:51:57,181 [WARN] ConditionMgr:1038 - genDependencies : Invalid condition id : UX DEVICE CLASS RTOS Condition cause : null
2024-09-27 14:51:57,181 [WARN] ConditionMgr:1038 - genDependencies : Invalid condition id : UX DEVICE CLASS RTOS Condition cause : null
2024-09-27 14:51:57,181 [WARN] ConditionMgr:1038 - genDependencies : Invalid condition id : UX DEVICE CLASS RTOS Condition cause : null
2024-09-27 14:51:57,194 [WARN] PackLoader:238 - Cannot read IP mode file for STMicroelectronics.X-CUBE-GNSS1.7.0.0
2024-09-27 14:51:57,202 [ERROR] DbBoards:189 - Image file not found for board NUCLEO-L552ZE-Q: C:\ST\STM32CubeIDE_1.7.0\STM32CubeIDE\plugins\com.st.stm32cube.common.mx_6.3.0.202107141111\\db\/plugins/mcufinder/images/boards/nucleo_l552ze_q_small.jpg
2024-09-27 14:51:57,202 [ERROR] DbBoards:189 - Image file not found for board NUCLEO-U575ZI-Q: C:\ST\STM32CubeIDE_1.7.0\STM32CubeIDE\plugins\com.st.stm32cube.common.mx_6.3.0.202107141111\\db\/plugins/mcufinder/images/boards/nucleo-u575zi-q_small.jpg
2024-09-27 14:51:57,202 [ERROR] DbBoards:189 - Image file not found for board NUCLEO-WB15CC: C:\ST\STM32CubeIDE_1.7.0\STM32CubeIDE\plugins\com.st.stm32cube.common.mx_6.3.0.202107141111\\db\/plugins/mcufinder/images/boards/nucleo-wb15cc_small.jpg
2024-09-27 14:51:57,202 [ERROR] DbBoards:189 - Image file not found for board NUCLEO-WB55RG: C:\ST\STM32CubeIDE_1.7.0\STM32CubeIDE\plugins\com.st.stm32cube.common.mx_6.3.0.202107141111\\db\/plugins/mcufinder/images/boards/nucleo-wb55rg_small.jpg
2024-09-27 14:51:57,209 [ERROR] Engine:463 - C:\Users\Admin\.stm32cubemx\thirdparties\pdsc\STMicroelectronics.FP-SNS-STBOX1.2.0.0.pdsc: PDSC version is not supported
2024-09-27 14:51:57,235 [WARN] PackLoader:238 - Cannot read IP mode file for STMicroelectronics.X-CUBE-SUBG2.5.0.0
2024-09-27 14:51:57,256 [ERROR] Engine:463 - C:\Users\Admin\.stm32cubemx\thirdparties\pdsc\Cesanta.I-CUBE-Mongoose.7.13.0.pdsc: PDSC version is not supported
2024-09-27 14:51:57,287 [WARN] PackLoader:238 - Cannot read IP mode file for STMicroelectronics.X-CUBE-AZRTOS-G4.2.0.0
2024-09-27 14:51:57,299 [WARN] PackLoader:238 - Cannot read IP mode file for STMicroelectronics.X-CUBE-ISPU.2.0.0
2024-09-27 14:51:57,309 [ERROR] Engine:463 - C:\Users\Admin\.stm32cubemx\thirdparties\pdsc\STMicroelectronics.X-CUBE-ALS.1.0.2.pdsc: PDSC version is not supported
2024-09-27 14:51:57,320 [WARN] PackLoader:238 - Cannot read IP mode file for STMicroelectronics.X-CUBE-TOUCHGFX.4.24.0
2024-09-27 14:51:57,330 [WARN] PackLoader:238 - Cannot read IP mode file for STMicroelectronics.X-CUBE-TOUCHGFX.4.24.1
2024-09-27 14:51:57,340 [WARN] PackLoader:238 - Cannot read IP mode file for wolfSSL.I-CUBE-wolfTPM.3.4.0
2024-09-27 14:51:57,352 [WARN] PackLoader:238 - Cannot read IP mode file for portGmbH.I-Cube-SoM-uGOAL.1.1.0
2024-09-27 14:51:57,382 [WARN] PackLoader:238 - Cannot read IP mode file for STMicroelectronics.X-CUBE-AZRTOS-H7RS.1.0.0
2024-09-27 14:51:57,396 [WARN] PackLoader:238 - Cannot read IP mode file for STMicroelectronics.FP-ATR-ASTRA1.2.0.0
2024-09-27 14:51:57,411 [ERROR] Engine:463 - C:\Users\Admin\.stm32cubemx\thirdparties\pdsc\STMicroelectronics.X-CUBE-TOF1.3.4.2.pdsc: PDSC version is not supported
2024-09-27 14:51:57,426 [ERROR] Engine:463 - C:\Users\Admin\.stm32cubemx\thirdparties\pdsc\Infineon.AIROC-Wi-Fi-Bluetooth-STM32.1.6.1.pdsc: PDSC version is not supported
2024-09-27 14:51:57,437 [WARN] PackLoader:238 - Cannot read IP mode file for wolfSSL.I-CUBE-wolfSSH.1.4.17
2024-09-27 14:51:57,438 [INFO] ThirdParty:915 - Integrity check success = true
2024-09-27 14:51:57,438 [INFO] IntegrityCheckThread:94 - exiting critical section [integrity check]
2024-09-27 14:51:57,438 [INFO] IntegrityCheckThread:97 - End integrity checks thread
2024-09-27 14:51:58,340 [INFO] ApiDb:251 - Load user favorites file C:\Users\Admin/.stm32cubeide/favorites.boards.txt: 0 item(s)
2024-09-27 14:51:58,340 [INFO] ApiDb:255 - User favorites Boards=[]
2024-09-27 14:51:58,340 [INFO] DbBoards:206 - Set 0 / 0 favorites Boards
2024-09-27 14:52:42,769 [INFO] DbMcusDocs:143 - JSON generation date=Tue Nov 16 23:17:54 ICT 2021 (1637079474)
2024-09-27 14:52:43,075 [INFO] DbMcusDocs:79 - Found 682 MCUs documents
2024-09-27 14:52:54,341 [INFO] MainUpdater:2671 - connection check result : 10
2024-09-27 14:52:54,341 [INFO] MainUpdater:2671 - connection check result : 10
2024-09-27 14:52:54,401 [INFO] MicroXplorer:448 - Change Database Path : 
2024-09-27 14:52:54,402 [INFO] MicroXplorer:478 - Change Database Version : DB.6.0.30
2024-09-27 14:52:54,402 [WARN] ThirdParty:813 - waiting for thirdparty lock release [close project]
2024-09-27 14:52:54,402 [INFO] ThirdParty:815 - entering critical section [close project]
2024-09-27 14:52:54,404 [INFO] ThirdParty:825 - exiting critical section [close project]
2024-09-27 14:52:54,409 [INFO] PinOutPanel:1463 - setPackage(No Configuration,No Configuration)
2024-09-27 14:52:54,410 [INFO] UtilMem:74 - Begin LoadConfig() Used Memory: 567491960 Bytes (587202560)
2024-09-27 14:52:54,411 [INFO] MicroXplorer:448 - Change Database Path : 
2024-09-27 14:52:54,411 [INFO] MicroXplorer:478 - Change Database Version : DB.6.0.30
2024-09-27 14:52:54,411 [INFO] OpenFileManager:313 - Change cursor
2024-09-27 14:52:55,544 [INFO] Context:592 - Trying to add GPIOservice into a context  which must be forbidden
2024-09-27 14:52:55,779 [INFO] ImportTextPane:167 - (OptionalMessage_ERROR) Unable to find key (Mcu.ThirdPartyNb) in loaded IOC file
2024-09-27 14:52:55,780 [INFO] ImportTextPane:167 - (OptionalMessage_ERROR) Unable to find key (Mcu.PinsNb) in loaded IOC file
2024-09-27 14:52:55,780 [INFO] ImportTextPane:167 - (OptionalMessage_ERROR) Unable to find key (Mcu.IPNb) in loaded IOC file
2024-09-27 14:52:55,836 [WARN] ApiManager:304 - Cannot register API 'Board Extension:NFC09A1' from pack STMicroelectronics.X-CUBE-NFC9.1.0.0: no header file found
2024-09-27 14:52:55,838 [WARN] ApiManager:304 - Cannot register API 'Board Extension:GNSS1A1' from pack STMicroelectronics.X-CUBE-GNSS1.6.0.0: no header file found
2024-09-27 14:52:55,838 [WARN] ApiManager:304 - Cannot register API 'Board Support:Custom' from pack STMicroelectronics.X-CUBE-GNSS1.6.0.0: no header file found
2024-09-27 14:52:55,839 [WARN] ApiManager:304 - Cannot register API 'Data Exchange:lib_gnss' from pack STMicroelectronics.X-CUBE-GNSS1.6.0.0: no header file found
2024-09-27 14:52:55,843 [WARN] ApiManager:304 - Cannot register API 'Board Extension:GNSS1A1' from pack STMicroelectronics.X-CUBE-GNSS1.7.0.0: no header file found
2024-09-27 14:52:55,843 [WARN] ApiManager:304 - Cannot register API 'Board Support:Custom' from pack STMicroelectronics.X-CUBE-GNSS1.7.0.0: no header file found
2024-09-27 14:52:55,844 [WARN] ApiManager:304 - Cannot register API 'Data Exchange:lib_gnss' from pack STMicroelectronics.X-CUBE-GNSS1.7.0.0: no header file found
2024-09-27 14:52:55,857 [WARN] ApiManager:304 - Cannot register API 'Board Extension:NFC06A1' from pack STMicroelectronics.X-CUBE-NFC6.3.1.0: no header file found
2024-09-27 14:52:55,857 [WARN] ApiManager:304 - Cannot register API 'Board Extension:NFC08A1' from pack STMicroelectronics.X-CUBE-NFC6.3.1.0: no header file found
2024-09-27 14:52:56,036 [WARN] ApiManager:304 - Cannot register API 'Board Extension:IKS01A3' from pack STMicroelectronics.X-CUBE-MEMS1.11.0.0: no header file found
2024-09-27 14:52:56,036 [WARN] ApiManager:304 - Cannot register API 'Board Extension:IKS02A1' from pack STMicroelectronics.X-CUBE-MEMS1.11.0.0: no header file found
2024-09-27 14:52:56,036 [WARN] ApiManager:304 - Cannot register API 'Board Extension:IKS4A1' from pack STMicroelectronics.X-CUBE-MEMS1.11.0.0: no header file found
2024-09-27 14:52:56,044 [INFO] RtosManager:484 - Registered RTOS mode: class=CMSIS, group=RTOS, mode=CMSIS_V1, owner=FREERTOS
2024-09-27 14:52:56,044 [INFO] RtosManager:484 - Registered RTOS mode: class=CMSIS, group=RTOS2, mode=CMSIS_V2, owner=FREERTOS
2024-09-27 14:52:56,044 [INFO] RtosManager:484 - Registered RTOS mode: class=RTOS, group=Core, mode=CMSIS_V1, owner=FREERTOS
2024-09-27 14:52:56,044 [INFO] RtosManager:484 - Registered RTOS mode: class=RTOS, group=Core, mode=CMSIS_V2, owner=FREERTOS
2024-09-27 14:52:56,044 [WARN] ModelIntegratedComponent:181 - Missing modes for component STMicroelectronics:FreeRTOS:0.0.1:STMicroelectronics:RTOS:FreeRTOS:Core:::10.2.0:
2024-09-27 14:52:56,046 [WARN] ApiManager:304 - Cannot register API 'Board Extension:STSAFEA1' from pack STMicroelectronics.X-CUBE-SAFEA1.1.2.2: no header file found
2024-09-27 14:52:56,046 [WARN] ApiManager:304 - Cannot register API 'Board Part:STSAFEA110' from pack STMicroelectronics.X-CUBE-SAFEA1.1.2.2: no header file found
2024-09-27 14:52:56,046 [WARN] ApiManager:304 - Cannot register API 'Security:ST_Cryptolib' from pack STMicroelectronics.X-CUBE-SAFEA1.1.2.2: no header file found
2024-09-27 14:52:56,046 [WARN] ApiManager:304 - Cannot register API 'Security:MbedTLS' from pack STMicroelectronics.X-CUBE-SAFEA1.1.2.2: no header file found
2024-09-27 14:52:56,047 [WARN] ApiManager:304 - Cannot register API 'Board Extension:NFC04A1' from pack STMicroelectronics.X-CUBE-NFC4.3.0.0: no header file found
2024-09-27 14:52:56,050 [WARN] ApiManager:304 - Cannot register API 'Board Extension:S2868A1' from pack STMicroelectronics.X-CUBE-SUBG2.5.0.0: no header file found
2024-09-27 14:52:56,050 [WARN] ApiManager:304 - Cannot register API 'Board Extension:S2868A2' from pack STMicroelectronics.X-CUBE-SUBG2.5.0.0: no header file found
2024-09-27 14:52:56,050 [WARN] ApiManager:304 - Cannot register API 'Board Extension:S2915A1' from pack STMicroelectronics.X-CUBE-SUBG2.5.0.0: no header file found
2024-09-27 14:52:56,052 [WARN] ApiManager:304 - Cannot register API 'Wireless:BlueNRG-MS' from pack STMicroelectronics.X-CUBE-BLE1.7.0.0: no header file found
2024-09-27 14:52:56,053 [WARN] ApiManager:304 - Cannot register API 'Board Extension:NFC10A1' from pack STMicroelectronics.X-CUBE-NFC10.1.0.0: no header file found
2024-09-27 14:52:56,054 [WARN] ApiManager:304 - Cannot register API 'Board Extension:EEPRMA2' from pack STMicroelectronics.X-CUBE-EEPRMA1.5.1.0: no header file found
2024-09-27 14:52:56,054 [WARN] ApiManager:304 - Cannot register API 'Board Extension:PGEEZ1' from pack STMicroelectronics.X-CUBE-EEPRMA1.5.1.0: no header file found
2024-09-27 14:52:56,054 [WARN] ApiManager:304 - Cannot register API 'Board Extension:EEICA1' from pack STMicroelectronics.X-CUBE-EEPRMA1.5.1.0: no header file found
2024-09-27 14:52:56,055 [WARN] ApiManager:304 - Cannot register API 'Board Part:M24' from pack STMicroelectronics.X-CUBE-EEPRMA1.5.1.0: no header file found
2024-09-27 14:52:56,055 [WARN] ApiManager:304 - Cannot register API 'Board Part:M95' from pack STMicroelectronics.X-CUBE-EEPRMA1.5.1.0: no header file found
2024-09-27 14:52:56,055 [WARN] ApiManager:304 - Cannot register API 'Board Part:M95P32' from pack STMicroelectronics.X-CUBE-EEPRMA1.5.1.0: no header file found
2024-09-27 14:52:56,055 [WARN] ApiManager:304 - Cannot register API 'Board Part:M24256E-F' from pack STMicroelectronics.X-CUBE-EEPRMA1.5.1.0: no header file found
2024-09-27 14:52:56,055 [WARN] ApiManager:304 - Cannot register API 'Board Part:M24M01E-F' from pack STMicroelectronics.X-CUBE-EEPRMA1.5.1.0: no header file found
2024-09-27 14:52:56,055 [WARN] ApiManager:304 - Cannot register API 'PGEEZ1:SPI' from pack STMicroelectronics.X-CUBE-EEPRMA1.5.1.0: no header file found
2024-09-27 14:52:56,055 [WARN] ApiManager:304 - Cannot register API 'PGEEZ1:QDSPI' from pack STMicroelectronics.X-CUBE-EEPRMA1.5.1.0: no header file found
2024-09-27 14:52:56,056 [WARN] ModelIntegratedComponent:60 - No mode defined for component null
2024-09-27 14:52:56,056 [WARN] ModelIntegratedComponent:60 - No mode defined for component null
2024-09-27 14:52:56,056 [WARN] ModelIntegratedComponent:60 - No mode defined for component null
2024-09-27 14:52:56,056 [WARN] ModelIntegratedComponent:60 - No mode defined for component null
2024-09-27 14:52:56,057 [WARN] ModelIntegratedComponent:60 - No mode defined for component null
2024-09-27 14:52:56,057 [WARN] ModelIntegratedComponent:60 - No mode defined for component null
2024-09-27 14:52:56,057 [WARN] ModelIntegratedComponent:60 - No mode defined for component null
2024-09-27 14:52:56,057 [WARN] ModelIntegratedComponent:60 - No mode defined for component null
2024-09-27 14:52:56,057 [WARN] ModelIntegratedComponent:60 - No mode defined for component null
2024-09-27 14:52:56,057 [WARN] ModelIntegratedComponent:60 - No mode defined for component null
2024-09-27 14:52:56,057 [WARN] ModelIntegratedComponent:60 - No mode defined for component null
2024-09-27 14:52:56,057 [WARN] ModelIntegratedComponent:60 - No mode defined for component null
2024-09-27 14:52:56,057 [WARN] ModelIntegratedComponent:60 - No mode defined for component null
2024-09-27 14:52:56,057 [WARN] ModelIntegratedComponent:60 - No mode defined for component null
2024-09-27 14:52:56,057 [WARN] ModelIntegratedComponent:60 - No mode defined for component null
2024-09-27 14:52:56,057 [WARN] ModelIntegratedComponent:60 - No mode defined for component null
2024-09-27 14:52:56,057 [WARN] ModelIntegratedComponent:60 - No mode defined for component null
2024-09-27 14:52:56,057 [WARN] ModelIntegratedComponent:60 - No mode defined for component null
2024-09-27 14:52:56,057 [WARN] ModelIntegratedComponent:60 - No mode defined for component null
2024-09-27 14:52:56,057 [WARN] ModelIntegratedComponent:60 - No mode defined for component null
2024-09-27 14:52:56,058 [WARN] ModelIntegratedComponent:60 - No mode defined for component null
2024-09-27 14:52:56,058 [WARN] ModelIntegratedComponent:60 - No mode defined for component null
2024-09-27 14:52:56,058 [WARN] ModelIntegratedComponent:60 - No mode defined for component null
2024-09-27 14:52:56,058 [WARN] ModelIntegratedComponent:60 - No mode defined for component null
2024-09-27 14:52:56,058 [WARN] ModelIntegratedComponent:60 - No mode defined for component null
2024-09-27 14:52:56,058 [WARN] ModelIntegratedComponent:60 - No mode defined for component null
2024-09-27 14:52:56,058 [WARN] ModelIntegratedComponent:60 - No mode defined for component null
2024-09-27 14:52:56,058 [WARN] ModelIntegratedComponent:60 - No mode defined for component null
2024-09-27 14:52:56,058 [WARN] ModelIntegratedComponent:60 - No mode defined for component null
2024-09-27 14:52:56,058 [WARN] ModelIntegratedComponent:60 - No mode defined for component null
2024-09-27 14:52:56,058 [WARN] ModelIntegratedComponent:60 - No mode defined for component null
2024-09-27 14:52:56,059 [WARN] ApiManager:304 - Cannot register API 'Board Extension:NFC07A1' from pack STMicroelectronics.X-CUBE-NFC7.1.0.1: no header file found
2024-09-27 14:52:56,068 [WARN] ApiManager:304 - Cannot register API 'Board Extension:S2868A1' from pack STMicroelectronics.X-CUBE-SFXS2LP1.4.0.0: no header file found
2024-09-27 14:52:56,068 [WARN] ApiManager:304 - Cannot register API 'Board Extension:S2868A2' from pack STMicroelectronics.X-CUBE-SFXS2LP1.4.0.0: no header file found
2024-09-27 14:52:56,069 [WARN] ApiManager:304 - Cannot register API 'Board Extension:S2915A1' from pack STMicroelectronics.X-CUBE-SFXS2LP1.4.0.0: no header file found
2024-09-27 14:52:56,069 [WARN] ApiManager:304 - Cannot register API 'Wireless:BlueNRG-2' from pack STMicroelectronics.X-CUBE-BLE2.3.3.0: no header file found
2024-09-27 14:52:57,844 [INFO] UtilMem:74 - End LoadConfig() Used Memory: 607901536 Bytes (641728512)
2024-09-27 14:52:57,854 [WARN] ThirdParty:779 - waiting for thirdparty lock release [change project]
2024-09-27 14:52:57,854 [INFO] ThirdParty:781 - entering critical section [change project]
2024-09-27 14:52:57,854 [INFO] ThirdParty:967 - CMSIS Pack Vendor :STMicroelectronics X-CUBE-AZRTOS-H7 3.3.0
2024-09-27 14:52:57,854 [INFO] ThirdParty:967 - CMSIS Pack Vendor :STMicroelectronics X-CUBE-NFC9 1.0.0
2024-09-27 14:52:57,854 [INFO] ThirdParty:967 - CMSIS Pack Vendor :STMicroelectronics X-CUBE-GNSS1 6.0.0
2024-09-27 14:52:57,854 [INFO] ThirdParty:967 - CMSIS Pack Vendor :STMicroelectronics USB_HOST 2.0.0
2024-09-27 14:52:57,854 [INFO] ThirdParty:967 - CMSIS Pack Vendor :STMicroelectronics X-CUBE-AZRTOS-F4 1.1.0
2024-09-27 14:52:57,854 [INFO] ThirdParty:967 - CMSIS Pack Vendor :STMicroelectronics USB_DEVICE 3.0.0
2024-09-27 14:52:57,854 [INFO] ThirdParty:967 - CMSIS Pack Vendor :STMicroelectronics X-CUBE-ISPU 2.1.0
2024-09-27 14:52:57,854 [INFO] ThirdParty:967 - CMSIS Pack Vendor :STMicroelectronics X-CUBE-AZRTOS-WB 2.0.0
2024-09-27 14:52:57,854 [INFO] ThirdParty:967 - CMSIS Pack Vendor :STMicroelectronics X-CUBE-GNSS1 7.0.0
2024-09-27 14:52:57,854 [INFO] ThirdParty:967 - CMSIS Pack Vendor :STMicroelectronics X-CUBE-AZRTOS-F7 1.1.0
2024-09-27 14:52:57,854 [INFO] ThirdParty:967 - CMSIS Pack Vendor :STMicroelectronics X-CUBE-AZRTOS-L5 2.0.0
2024-09-27 14:52:57,854 [INFO] ThirdParty:967 - CMSIS Pack Vendor :STMicroelectronics USB_DEVICE 2.0.0
2024-09-27 14:52:57,854 [INFO] ThirdParty:967 - CMSIS Pack Vendor :STMicroelectronics X-CUBE-NFC6 3.1.0
2024-09-27 14:52:57,854 [INFO] ThirdParty:967 - CMSIS Pack Vendor :STMicroelectronics X-CUBE-MEMS1 11.0.0
2024-09-27 14:52:57,855 [INFO] ThirdParty:967 - CMSIS Pack Vendor :STMicroelectronics FreeRTOS 0.0.1
2024-09-27 14:52:57,855 [INFO] ThirdParty:967 - CMSIS Pack Vendor :STMicroelectronics X-CUBE-AZRTOS-G0 1.1.0
2024-09-27 14:52:57,855 [INFO] ThirdParty:967 - CMSIS Pack Vendor :STMicroelectronics X-CUBE-SAFEA1 1.2.2
2024-09-27 14:52:57,855 [INFO] ThirdParty:967 - CMSIS Pack Vendor :STMicroelectronics X-CUBE-NFC4 3.0.0
2024-09-27 14:52:57,855 [INFO] ThirdParty:967 - CMSIS Pack Vendor :STMicroelectronics X-CUBE-SUBG2 5.0.0
2024-09-27 14:52:57,855 [INFO] ThirdParty:967 - CMSIS Pack Vendor :STMicroelectronics lwIP 2.0.3
2024-09-27 14:52:57,855 [INFO] ThirdParty:967 - CMSIS Pack Vendor :STMicroelectronics USB_HOST 1.0.0
2024-09-27 14:52:57,855 [INFO] ThirdParty:967 - CMSIS Pack Vendor :STMicroelectronics X-CUBE-AI 9.0.0
2024-09-27 14:52:57,855 [INFO] ThirdParty:967 - CMSIS Pack Vendor :STMicroelectronics X-CUBE-AZRTOS-G4 2.0.0
2024-09-27 14:52:57,855 [INFO] ThirdParty:967 - CMSIS Pack Vendor :STMicroelectronics PDM2PCM 3.1.0
2024-09-27 14:52:57,855 [INFO] ThirdParty:967 - CMSIS Pack Vendor :STMicroelectronics PDM2PCM 3.3.0
2024-09-27 14:52:57,855 [INFO] ThirdParty:967 - CMSIS Pack Vendor :STMicroelectronics X-CUBE-BLE1 7.0.0
2024-09-27 14:52:57,855 [INFO] ThirdParty:967 - CMSIS Pack Vendor :STMicroelectronics FP-ATR-SIGFOX1 3.2.0
2024-09-27 14:52:57,855 [INFO] ThirdParty:967 - CMSIS Pack Vendor :STMicroelectronics X-CUBE-NFC10 1.0.0
2024-09-27 14:52:57,855 [INFO] ThirdParty:967 - CMSIS Pack Vendor :wolfSSL I-CUBE-wolfSSL 5.7.2
2024-09-27 14:52:57,855 [INFO] ThirdParty:967 - CMSIS Pack Vendor :STMicroelectronics X-CUBE-ISPU 2.0.0
2024-09-27 14:52:57,855 [INFO] ThirdParty:967 - CMSIS Pack Vendor :STMicroelectronics X-CUBE-EEPRMA1 5.1.0
2024-09-27 14:52:57,855 [INFO] ThirdParty:967 - CMSIS Pack Vendor :STMicroelectronics HAL Drivers 0.0.0
2024-09-27 14:52:57,855 [INFO] ThirdParty:967 - CMSIS Pack Vendor :STMicroelectronics MBEDTLS 2.16.2
2024-09-27 14:52:57,855 [INFO] ThirdParty:967 - CMSIS Pack Vendor :STMicroelectronics X-CUBE-NFC7 1.0.1
2024-09-27 14:52:57,855 [INFO] ThirdParty:967 - CMSIS Pack Vendor :STMicroelectronics MBEDTLS 2.14.1
2024-09-27 14:52:57,855 [INFO] ThirdParty:967 - CMSIS Pack Vendor :STMicroelectronics X-CUBE-TOUCHGFX 4.24.0
2024-09-27 14:52:57,856 [INFO] ThirdParty:967 - CMSIS Pack Vendor :STMicroelectronics X-CUBE-TOUCHGFX 4.24.1
2024-09-27 14:52:57,856 [INFO] ThirdParty:967 - CMSIS Pack Vendor :wolfSSL I-CUBE-wolfTPM 3.4.0
2024-09-27 14:52:57,856 [INFO] ThirdParty:967 - CMSIS Pack Vendor :portGmbH I-Cube-SoM-uGOAL 1.1.0
2024-09-27 14:52:57,856 [INFO] ThirdParty:967 - CMSIS Pack Vendor :STMicroelectronics X-CUBE-AZRTOS-WL 2.0.0
2024-09-27 14:52:57,856 [INFO] ThirdParty:967 - CMSIS Pack Vendor :SEGGER I-CUBE-embOS 1.3.1
2024-09-27 14:52:57,856 [INFO] ThirdParty:967 - CMSIS Pack Vendor :STMicroelectronics X-CUBE-ALGOBUILD 1.4.0
2024-09-27 14:52:57,856 [INFO] ThirdParty:967 - CMSIS Pack Vendor :STMicroelectronics USB_DEVICE 1.0.0
2024-09-27 14:52:57,856 [INFO] ThirdParty:967 - CMSIS Pack Vendor :STMicroelectronics X-CUBE-AZRTOS-H7RS 1.0.0
2024-09-27 14:52:57,856 [INFO] ThirdParty:967 - CMSIS Pack Vendor :wolfSSL I-CUBE-wolfMQTT 1.19.0
2024-09-27 14:52:57,856 [INFO] ThirdParty:967 - CMSIS Pack Vendor :STMicroelectronics X-CUBE-AZRTOS-L4 2.0.0
2024-09-27 14:52:57,856 [INFO] ThirdParty:967 - CMSIS Pack Vendor :STMicroelectronics ThreadX 0.0.2
2024-09-27 14:52:57,856 [INFO] ThirdParty:967 - CMSIS Pack Vendor :WES I-CUBE-Cesium 1.3.0
2024-09-27 14:52:57,856 [INFO] ThirdParty:967 - CMSIS Pack Vendor :STMicroelectronics FP-ATR-ASTRA1 2.0.0
2024-09-27 14:52:57,856 [INFO] ThirdParty:967 - CMSIS Pack Vendor :STMicroelectronics lwIP 2.1.2
2024-09-27 14:52:57,856 [INFO] ThirdParty:967 - CMSIS Pack Vendor :STMicroelectronics X-CUBE-SFXS2LP1 4.0.0
2024-09-27 14:52:57,856 [INFO] ThirdParty:967 - CMSIS Pack Vendor :STMicroelectronics X-CUBE-BLE2 3.3.0
2024-09-27 14:52:57,856 [INFO] ThirdParty:967 - CMSIS Pack Vendor :STMicroelectronics PDM2PCM 3.2.0
2024-09-27 14:52:57,856 [INFO] ThirdParty:967 - CMSIS Pack Vendor :wolfSSL I-CUBE-wolfSSH 1.4.17
2024-09-27 14:52:57,856 [INFO] ThirdParty:787 - exiting critical section [change project]
2024-09-27 14:52:58,092 [INFO] PinOutPanel:1463 - setPackage(No Configuration,No Configuration)
2024-09-27 14:52:58,093 [INFO] PinOutPanel:1463 - setPackage(STM32F103C6Tx,LQFP48)
2024-09-27 14:52:58,442 [INFO] UtilMem:74 - Before build in PCC Used Memory: 618448248 Bytes (643825664)
2024-09-27 14:52:59,084 [INFO] UtilMem:74 - After build in PCC Used Memory: 622688160 Bytes (649068544)
2024-09-27 14:52:59,105 [INFO] IPUIPlugin:74 - create IPUIPlugin
2024-09-27 14:52:59,106 [INFO] IPUIPlugin:74 - create IPUIPlugin
2024-09-27 14:52:59,106 [INFO] IPUIPlugin:74 - create IPUIPlugin
2024-09-27 14:52:59,106 [INFO] IPUIPlugin:74 - create IPUIPlugin
2024-09-27 14:52:59,106 [INFO] IPUIPlugin:74 - create IPUIPlugin
2024-09-27 14:52:59,106 [INFO] IPUIPlugin:74 - create IPUIPlugin
2024-09-27 14:52:59,106 [INFO] IPUIPlugin:74 - create IPUIPlugin
2024-09-27 14:52:59,106 [INFO] IPUIPlugin:74 - create IPUIPlugin
2024-09-27 14:52:59,107 [INFO] IPUIPlugin:74 - create IPUIPlugin
2024-09-27 14:52:59,107 [INFO] IPUIPlugin:74 - create IPUIPlugin
2024-09-27 14:52:59,107 [INFO] IPUIPlugin:74 - create IPUIPlugin
2024-09-27 14:52:59,107 [INFO] IPUIPlugin:74 - create IPUIPlugin
2024-09-27 14:52:59,107 [INFO] IPUIPlugin:74 - create IPUIPlugin
2024-09-27 14:52:59,108 [INFO] IPUIPlugin:74 - create IPUIPlugin
2024-09-27 14:52:59,108 [INFO] IPUIPlugin:74 - create IPUIPlugin
2024-09-27 14:52:59,108 [INFO] IPUIPlugin:74 - create IPUIPlugin
2024-09-27 14:52:59,108 [INFO] IPUIPlugin:74 - create IPUIPlugin
2024-09-27 14:52:59,108 [INFO] IPUIPlugin:74 - create IPUIPlugin
2024-09-27 14:52:59,109 [INFO] IPUIPlugin:74 - create IPUIPlugin
2024-09-27 14:52:59,109 [INFO] IPUIPlugin:74 - create IPUIPlugin
2024-09-27 14:52:59,109 [INFO] IPUIPlugin:74 - create IPUIPlugin
2024-09-27 14:52:59,110 [INFO] IPUIPlugin:74 - create IPUIPlugin
2024-09-27 14:52:59,110 [INFO] IPUIPlugin:74 - create IPUIPlugin
2024-09-27 14:52:59,225 [INFO] OpenFileManager:333 - Restore cursor
2024-09-27 14:52:59,488 [INFO] UtilMem:74 - End SaveConfig() Used Memory: 632505240 Bytes (654311424)
2024-09-27 14:52:59,529 [INFO] UtilMem:74 - End SaveConfig() Used Memory: 645099360 Bytes (654311424)
2024-09-27 14:52:59,840 [INFO] BlockDiagram:2740 - set Specific Code input for plugin: NVIC
2024-09-27 14:52:59,840 [INFO] BlockDiagram:2740 - set Specific Code input for plugin: SYS
2024-09-27 14:52:59,840 [INFO] BlockDiagram:2740 - set Specific Code input for plugin: RCC
2024-09-27 14:52:59,841 [INFO] CodeGenerator:663 - code generatio: config db path: C:\ST\STM32CubeIDE_1.7.0\STM32CubeIDE\plugins\com.st.stm32cube.common.mx_6.3.0.202107141111\\db\
2024-09-27 14:53:00,156 [INFO] CodeEngine:239 - oldGeneratedFile, C:\Users\Admin\Documents\STM32_LAB1\PROJECT\LAB1\MXTmpFiles\license.tmp_save
2024-09-27 14:53:00,481 [INFO] CodeEngine:257 - Generated code: C:\Users\Admin\Documents\STM32_LAB1\PROJECT\LAB1\MXTmpFiles\license.tmp
2024-09-27 14:53:00,601 [INFO] CodeEngine:239 - oldGeneratedFile, C:\Users\Admin\Documents\STM32_LAB1\PROJECT\LAB1\Core\Src\stm32f1xx_it.c_save
2024-09-27 14:53:00,725 [INFO] CodeEngine:257 - Generated code: C:\Users\Admin\Documents\STM32_LAB1\PROJECT\LAB1\Core\Src\stm32f1xx_it.c
2024-09-27 14:53:00,736 [INFO] CodeEngine:239 - oldGeneratedFile, C:\Users\Admin\Documents\STM32_LAB1\PROJECT\LAB1\Core\Inc\stm32f1xx_it.h_save
2024-09-27 14:53:00,813 [INFO] CodeEngine:257 - Generated code: C:\Users\Admin\Documents\STM32_LAB1\PROJECT\LAB1\Core\Inc\stm32f1xx_it.h
2024-09-27 14:53:00,835 [INFO] CodeEngine:239 - oldGeneratedFile, C:\Users\Admin\Documents\STM32_LAB1\PROJECT\LAB1\Core\Src\stm32f1xx_hal_msp.c_save
2024-09-27 14:53:00,979 [INFO] CodeEngine:257 - Generated code: C:\Users\Admin\Documents\STM32_LAB1\PROJECT\LAB1\Core\Src\stm32f1xx_hal_msp.c
2024-09-27 14:53:00,995 [INFO] CodeEngine:239 - oldGeneratedFile, C:\Users\Admin\Documents\STM32_LAB1\PROJECT\LAB1\MXTmpFiles\system.tmp_save
2024-09-27 14:53:01,074 [INFO] CodeEngine:257 - Generated code: C:\Users\Admin\Documents\STM32_LAB1\PROJECT\LAB1\MXTmpFiles\system.tmp
2024-09-27 14:53:01,098 [INFO] CodeEngine:239 - oldGeneratedFile, C:\Users\Admin\Documents\STM32_LAB1\PROJECT\LAB1\Core\Inc\stm32f1xx_hal_conf.h_save
2024-09-27 14:53:01,185 [INFO] CodeEngine:257 - Generated code: C:\Users\Admin\Documents\STM32_LAB1\PROJECT\LAB1\Core\Inc\stm32f1xx_hal_conf.h
2024-09-27 14:53:01,246 [INFO] CodeEngine:239 - oldGeneratedFile, C:\Users\Admin\Documents\STM32_LAB1\PROJECT\LAB1\Core\Inc\main.h_save
2024-09-27 14:53:01,339 [INFO] CodeEngine:257 - Generated code: C:\Users\Admin\Documents\STM32_LAB1\PROJECT\LAB1\Core\Inc\main.h
2024-09-27 14:53:01,349 [INFO] CodeEngine:239 - oldGeneratedFile, C:\Users\Admin\Documents\STM32_LAB1\PROJECT\LAB1\Core\Src\main.c_save
2024-09-27 14:53:01,468 [INFO] CodeEngine:257 - Generated code: C:\Users\Admin\Documents\STM32_LAB1\PROJECT\LAB1\Core\Src\main.c
2024-09-27 14:53:02,268 [INFO] ProjectBuilder:2578 - Time for Copy HAL[1] : 121mS.
2024-09-27 14:53:02,274 [INFO] ProjectBuilder:3622 - Project Generator version: 3.14.1
2024-09-27 14:53:02,669 [INFO] ConfigFileManager:1271 - The Die is : DIE412
2024-09-27 14:53:02,692 [INFO] ApiDbMcu:468 - Load IP Config File for FATFS
2024-09-27 14:53:02,724 [INFO] ApiDbMcu:468 - Load IP Config File for FREERTOS
2024-09-27 14:53:02,754 [INFO] ApiDbMcu:468 - Load IP Config File for USB_DEVICE
2024-09-27 14:53:08,255 [INFO] ProjectBuilder:3789 - Time for Generating toolchain IDE Files: 5981mS.
2024-09-27 14:53:08,255 [INFO] ProjectBuilder:2457 - Time for Copy CMSIS : 0mS.
2024-09-27 14:53:08,257 [INFO] ProjectBuilder:2457 - Time for Copy CMSIS : 0mS.
2024-09-27 14:53:09,332 [INFO] McuFinderGlobals:52 - Set McuFinderConnectedMode to true
2024-09-27 14:53:09,333 [INFO] ApiDb:276 - Save user favorites file C:\Users\Admin/.stm32cubeide/favorites.mcus.txt: 0 item(s)
2024-09-27 14:53:09,335 [INFO] ApiDb:280 - User favorites MCUs=[]
